# JRE version: Java(TM) SE Runtime Environment (17.0.4+11) (build 17.0.4+11-LTS-179)
# Java VM: Java HotSpot(TM) 64-Bit Server VM (17.0.4+11-LTS-179, mixed mode, sharing, tiered, compressed oops, compressed class ptrs, g1 gc, windows-amd64)
GC Precious Log:
 CPUs: 4 total, 4 available
 Memory: 8103M
 Large Page Support: Disabled
 NUMA Support: Disabled
 Compressed Oops: Enabled (32-bit)
 Heap Region Size: 1M
 Heap Min Capacity: 8M
 Heap Initial Capacity: 128M
 Heap Max Capacity: 2G
 Pre-touch: Disabled
 Parallel Workers: 4
 Concurrent Workers: 1
 Concurrent Refinement Workers: 4
 Periodic GC: Disabled
Heap:
 garbage-first heap   total 131072K, used 74885K [0x0000000080000000, 0x0000000100000000)
  region size 1024K, 4 young (4096K), 4 survivors (4096K)
 Metaspace       used 75259K, committed 75904K, reserved 1122304K
  class space    used 10361K, committed 10688K, reserved 1048576K
GC Heap History (20 events):
Event: 46.904 GC heap after
{Heap after GC invocations=25 (full 0):
 garbage-first heap   total 109568K, used 59730K [0x0000000080000000, 0x0000000100000000)
  region size 1024K, 3 young (3072K), 3 survivors (3072K)
 Metaspace       used 60203K, committed 60800K, reserved 1105920K
  class space    used 8082K, committed 8384K, reserved 1048576K
}
Event: 47.810 GC heap before
{Heap before GC invocations=26 (full 0):
 garbage-first heap   total 109568K, used 81234K [0x0000000080000000, 0x0000000100000000)
  region size 1024K, 26 young (26624K), 3 survivors (3072K)
 Metaspace       used 61398K, committed 62016K, reserved 1105920K
  class space    used 8252K, committed 8576K, reserved 1048576K
}
Event: 47.819 GC heap after
{Heap after GC invocations=27 (full 0):
 garbage-first heap   total 109568K, used 58667K [0x0000000080000000, 0x0000000100000000)
  region size 1024K, 4 young (4096K), 4 survivors (4096K)
 Metaspace       used 61398K, committed 62016K, reserved 1105920K
  class space    used 8252K, committed 8576K, reserved 1048576K
}
Event: 47.834 GC heap before
{Heap before GC invocations=27 (full 0):
 garbage-first heap   total 109568K, used 59691K [0x0000000080000000, 0x0000000100000000)
  region size 1024K, 5 young (5120K), 4 survivors (4096K)
 Metaspace       used 61398K, committed 62016K, reserved 1105920K
  class space    used 8252K, committed 8576K, reserved 1048576K
}
Event: 47.842 GC heap after
{Heap after GC invocations=28 (full 0):
 garbage-first heap   total 109568K, used 58620K [0x0000000080000000, 0x0000000100000000)
  region size 1024K, 1 young (1024K), 1 survivors (1024K)
 Metaspace       used 61398K, committed 62016K, reserved 1105920K
  class space    used 8252K, committed 8576K, reserved 1048576K
}
Event: 48.498 GC heap before
{Heap before GC invocations=28 (full 0):
 garbage-first heap   total 109568K, used 83196K [0x0000000080000000, 0x0000000100000000)
  region size 1024K, 26 young (26624K), 1 survivors (1024K)
 Metaspace       used 62047K, committed 62656K, reserved 1105920K
  class space    used 8329K, committed 8640K, reserved 1048576K
}
Event: 48.503 GC heap after
{Heap after GC invocations=29 (full 0):
 garbage-first heap   total 109568K, used 60340K [0x0000000080000000, 0x0000000100000000)
  region size 1024K, 2 young (2048K), 2 survivors (2048K)
 Metaspace       used 62047K, committed 62656K, reserved 1105920K
  class space    used 8329K, committed 8640K, reserved 1048576K
}
Event: 49.725 GC heap before
{Heap before GC invocations=30 (full 0):
 garbage-first heap   total 109568K, used 86964K [0x0000000080000000, 0x0000000100000000)
  region size 1024K, 28 young (28672K), 2 survivors (2048K)
 Metaspace       used 65276K, committed 65856K, reserved 1114112K
  class space    used 8951K, committed 9216K, reserved 1048576K
}
Event: 49.733 GC heap after
{Heap after GC invocations=31 (full 0):
 garbage-first heap   total 109568K, used 61795K [0x0000000080000000, 0x0000000100000000)
  region size 1024K, 4 young (4096K), 4 survivors (4096K)
 Metaspace       used 65276K, committed 65856K, reserved 1114112K
  class space    used 8951K, committed 9216K, reserved 1048576K
}
Event: 49.779 GC heap before
{Heap before GC invocations=31 (full 0):
 garbage-first heap   total 109568K, used 62819K [0x0000000080000000, 0x0000000100000000)
  region size 1024K, 5 young (5120K), 4 survivors (4096K)
 Metaspace       used 65409K, committed 65984K, reserved 1114112K
  class space    used 8974K, committed 9280K, reserved 1048576K
}
Event: 49.790 GC heap after
{Heap after GC invocations=32 (full 0):
 garbage-first heap   total 109568K, used 61458K [0x0000000080000000, 0x0000000100000000)
  region size 1024K, 1 young (1024K), 1 survivors (1024K)
 Metaspace       used 65409K, committed 65984K, reserved 1114112K
  class space    used 8974K, committed 9280K, reserved 1048576K
}
Event: 50.741 GC heap before
{Heap before GC invocations=32 (full 0):
 garbage-first heap   total 109568K, used 88082K [0x0000000080000000, 0x0000000100000000)
  region size 1024K, 27 young (27648K), 1 survivors (1024K)
 Metaspace       used 68106K, committed 68672K, reserved 1114112K
  class space    used 9358K, committed 9664K, reserved 1048576K
}
Event: 50.749 GC heap after
{Heap after GC invocations=33 (full 0):
 garbage-first heap   total 109568K, used 63480K [0x0000000080000000, 0x0000000100000000)
  region size 1024K, 3 young (3072K), 3 survivors (3072K)
 Metaspace       used 68106K, committed 68672K, reserved 1114112K
  class space    used 9358K, committed 9664K, reserved 1048576K
}
Event: 52.071 GC heap before
{Heap before GC invocations=34 (full 0):
 garbage-first heap   total 112640K, used 88056K [0x0000000080000000, 0x0000000100000000)
  region size 1024K, 27 young (27648K), 3 survivors (3072K)
 Metaspace       used 70261K, committed 70848K, reserved 1114112K
  class space    used 9677K, committed 9984K, reserved 1048576K
}
Event: 52.078 GC heap after
{Heap after GC invocations=35 (full 0):
 garbage-first heap   total 112640K, used 65109K [0x0000000080000000, 0x0000000100000000)
  region size 1024K, 2 young (2048K), 2 survivors (2048K)
 Metaspace       used 70261K, committed 70848K, reserved 1114112K
  class space    used 9677K, committed 9984K, reserved 1048576K
}
Event: 53.343 GC heap before
{Heap before GC invocations=35 (full 0):
 garbage-first heap   total 112640K, used 92757K [0x0000000080000000, 0x0000000100000000)
  region size 1024K, 29 young (29696K), 2 survivors (2048K)
 Metaspace       used 74058K, committed 74624K, reserved 1114112K
  class space    used 10202K, committed 10496K, reserved 1048576K
}
Event: 53.353 GC heap after
{Heap after GC invocations=36 (full 0):
 garbage-first heap   total 112640K, used 67118K [0x0000000080000000, 0x0000000100000000)
  region size 1024K, 4 young (4096K), 4 survivors (4096K)
 Metaspace       used 74058K, committed 74624K, reserved 1114112K
  class space    used 10202K, committed 10496K, reserved 1048576K
}
Event: 54.236 GC heap before
{Heap before GC invocations=37 (full 0):
 garbage-first heap   total 121856K, used 92718K [0x0000000080000000, 0x0000000100000000)
  region size 1024K, 29 young (29696K), 4 survivors (4096K)
 Metaspace       used 75202K, committed 75840K, reserved 1122304K
  class space    used 10357K, committed 10688K, reserved 1048576K
}
Event: 54.250 GC heap after
{Heap after GC invocations=38 (full 0):
 garbage-first heap   total 121856K, used 70150K [0x0000000080000000, 0x0000000100000000)
  region size 1024K, 4 young (4096K), 4 survivors (4096K)
 Metaspace       used 75202K, committed 75840K, reserved 1122304K
  class space    used 10357K, committed 10688K, reserved 1048576K
}
Event: 54.639 GC heap before
{Heap before GC invocations=38 (full 0):
 garbage-first heap   total 121856K, used 98822K [0x0000000080000000, 0x0000000100000000)
  region size 1024K, 32 young (32768K), 4 survivors (4096K)
 Metaspace       used 75259K, committed 75904K, reserved 1122304K
  class space    used 10361K, committed 10688K, reserved 1048576K
}

