# JRE version: Java(TM) SE Runtime Environment (17.0.4+11) (build 17.0.4+11-LTS-179)
# Java VM: Java HotSpot(TM) 64-Bit Server VM (17.0.4+11-LTS-179, mixed mode, sharing, tiered, compressed oops, compressed class ptrs, g1 gc, windows-amd64)
GC Precious Log:
 CPUs: 4 total, 4 available
 Memory: 8103M
 Large Page Support: Disabled
 NUMA Support: Disabled
 Compressed Oops: Enabled (32-bit)
 Heap Region Size: 1M
 Heap Min Capacity: 8M
 Heap Initial Capacity: 128M
 Heap Max Capacity: 2G
 Pre-touch: Disabled
 Parallel Workers: 4
 Concurrent Workers: 1
 Concurrent Refinement Workers: 4
 Periodic GC: Disabled
Heap:
 garbage-first heap   total 171008K, used 95385K [0x0000000080000000, 0x0000000100000000)
  region size 1024K, 6 young (6144K), 6 survivors (6144K)
 Metaspace       used 81364K, committed 82048K, reserved 1122304K
  class space    used 11123K, committed 11456K, reserved 1048576K
GC Heap History (20 events):
Event: 18.672 GC heap after
{Heap after GC invocations=25 (full 0):
 garbage-first heap   total 132096K, used 62944K [0x0000000080000000, 0x0000000100000000)
  region size 1024K, 6 young (6144K), 6 survivors (6144K)
 Metaspace       used 63521K, committed 64128K, reserved 1105920K
  class space    used 8789K, committed 9088K, reserved 1048576K
}
Event: 20.052 GC heap before
{Heap before GC invocations=25 (full 0):
 garbage-first heap   total 132096K, used 103904K [0x0000000080000000, 0x0000000100000000)
  region size 1024K, 46 young (47104K), 6 survivors (6144K)
 Metaspace       used 68635K, committed 69248K, reserved 1114112K
  class space    used 9517K, committed 9792K, reserved 1048576K
}
Event: 20.068 GC heap after
{Heap after GC invocations=26 (full 0):
 garbage-first heap   total 132096K, used 66337K [0x0000000080000000, 0x0000000100000000)
  region size 1024K, 4 young (4096K), 4 survivors (4096K)
 Metaspace       used 68635K, committed 69248K, reserved 1114112K
  class space    used 9517K, committed 9792K, reserved 1048576K
}
Event: 21.198 GC heap before
{Heap before GC invocations=26 (full 0):
 garbage-first heap   total 132096K, used 105249K [0x0000000080000000, 0x0000000100000000)
  region size 1024K, 42 young (43008K), 4 survivors (4096K)
 Metaspace       used 69986K, committed 70656K, reserved 1114112K
  class space    used 9699K, committed 9984K, reserved 1048576K
}
Event: 21.215 GC heap after
{Heap after GC invocations=27 (full 0):
 garbage-first heap   total 171008K, used 70902K [0x0000000080000000, 0x0000000100000000)
  region size 1024K, 6 young (6144K), 6 survivors (6144K)
 Metaspace       used 69986K, committed 70656K, reserved 1114112K
  class space    used 9699K, committed 9984K, reserved 1048576K
}
Event: 23.990 GC heap before
{Heap before GC invocations=28 (full 0):
 garbage-first heap   total 171008K, used 132342K [0x0000000080000000, 0x0000000100000000)
  region size 1024K, 67 young (68608K), 6 survivors (6144K)
 Metaspace       used 72412K, committed 73088K, reserved 1114112K
  class space    used 10104K, committed 10432K, reserved 1048576K
}
Event: 24.015 GC heap after
{Heap after GC invocations=29 (full 0):
 garbage-first heap   total 171008K, used 78908K [0x0000000080000000, 0x0000000100000000)
  region size 1024K, 9 young (9216K), 9 survivors (9216K)
 Metaspace       used 72412K, committed 73088K, reserved 1114112K
  class space    used 10104K, committed 10432K, reserved 1048576K
}
Event: 24.039 GC heap before
{Heap before GC invocations=29 (full 0):
 garbage-first heap   total 171008K, used 79932K [0x0000000080000000, 0x0000000100000000)
  region size 1024K, 10 young (10240K), 9 survivors (9216K)
 Metaspace       used 72412K, committed 73088K, reserved 1114112K
  class space    used 10104K, committed 10432K, reserved 1048576K
}
Event: 24.063 GC heap after
{Heap after GC invocations=30 (full 0):
 garbage-first heap   total 171008K, used 80692K [0x0000000080000000, 0x0000000100000000)
  region size 1024K, 2 young (2048K), 2 survivors (2048K)
 Metaspace       used 72412K, committed 73088K, reserved 1114112K
  class space    used 10104K, committed 10432K, reserved 1048576K
}
Event: 25.789 GC heap before
{Heap before GC invocations=30 (full 0):
 garbage-first heap   total 171008K, used 133940K [0x0000000080000000, 0x0000000100000000)
  region size 1024K, 55 young (56320K), 2 survivors (2048K)
 Metaspace       used 72882K, committed 73600K, reserved 1114112K
  class space    used 10114K, committed 10496K, reserved 1048576K
}
Event: 25.797 GC heap after
{Heap after GC invocations=31 (full 0):
 garbage-first heap   total 171008K, used 83060K [0x0000000080000000, 0x0000000100000000)
  region size 1024K, 4 young (4096K), 4 survivors (4096K)
 Metaspace       used 72882K, committed 73600K, reserved 1114112K
  class space    used 10114K, committed 10496K, reserved 1048576K
}
Event: 28.031 GC heap before
{Heap before GC invocations=32 (full 0):
 garbage-first heap   total 171008K, used 135284K [0x0000000080000000, 0x0000000100000000)
  region size 1024K, 56 young (57344K), 4 survivors (4096K)
 Metaspace       used 75817K, committed 76480K, reserved 1122304K
  class space    used 10396K, committed 10752K, reserved 1048576K
}
Event: 28.045 GC heap after
{Heap after GC invocations=33 (full 0):
 garbage-first heap   total 171008K, used 86423K [0x0000000080000000, 0x0000000100000000)
  region size 1024K, 7 young (7168K), 7 survivors (7168K)
 Metaspace       used 75817K, committed 76480K, reserved 1122304K
  class space    used 10396K, committed 10752K, reserved 1048576K
}
Event: 28.116 GC heap before
{Heap before GC invocations=33 (full 0):
 garbage-first heap   total 171008K, used 87447K [0x0000000080000000, 0x0000000100000000)
  region size 1024K, 8 young (8192K), 7 survivors (7168K)
 Metaspace       used 75845K, committed 76544K, reserved 1122304K
  class space    used 10396K, committed 10752K, reserved 1048576K
}
Event: 28.129 GC heap after
{Heap after GC invocations=34 (full 0):
 garbage-first heap   total 171008K, used 86645K [0x0000000080000000, 0x0000000100000000)
  region size 1024K, 1 young (1024K), 1 survivors (1024K)
 Metaspace       used 75845K, committed 76544K, reserved 1122304K
  class space    used 10396K, committed 10752K, reserved 1048576K
}
Event: 29.381 GC heap before
{Heap before GC invocations=34 (full 0):
 garbage-first heap   total 171008K, used 137845K [0x0000000080000000, 0x0000000100000000)
  region size 1024K, 52 young (53248K), 1 survivors (1024K)
 Metaspace       used 81080K, committed 81728K, reserved 1122304K
  class space    used 11093K, committed 11392K, reserved 1048576K
}
Event: 29.398 GC heap after
{Heap after GC invocations=35 (full 0):
 garbage-first heap   total 171008K, used 89928K [0x0000000080000000, 0x0000000100000000)
  region size 1024K, 5 young (5120K), 5 survivors (5120K)
 Metaspace       used 81080K, committed 81728K, reserved 1122304K
  class space    used 11093K, committed 11392K, reserved 1048576K
}
Event: 30.381 GC heap before
{Heap before GC invocations=35 (full 0):
 garbage-first heap   total 171008K, used 138056K [0x0000000080000000, 0x0000000100000000)
  region size 1024K, 53 young (54272K), 5 survivors (5120K)
 Metaspace       used 81314K, committed 81984K, reserved 1122304K
  class space    used 11120K, committed 11456K, reserved 1048576K
}
Event: 30.397 GC heap after
{Heap after GC invocations=36 (full 0):
 garbage-first heap   total 171008K, used 93209K [0x0000000080000000, 0x0000000100000000)
  region size 1024K, 4 young (4096K), 4 survivors (4096K)
 Metaspace       used 81314K, committed 81984K, reserved 1122304K
  class space    used 11120K, committed 11456K, reserved 1048576K
}
Event: 31.247 GC heap before
{Heap before GC invocations=36 (full 0):
 garbage-first heap   total 171008K, used 139289K [0x0000000080000000, 0x0000000100000000)
  region size 1024K, 50 young (51200K), 4 survivors (4096K)
 Metaspace       used 81364K, committed 82048K, reserved 1122304K
  class space    used 11123K, committed 11456K, reserved 1048576K
}

