# JRE version: Java(TM) SE Runtime Environment (17.0.4+11) (build 17.0.4+11-LTS-179)
# Java VM: Java HotSpot(TM) 64-Bit Server VM (17.0.4+11-LTS-179, mixed mode, sharing, tiered, compressed oops, compressed class ptrs, g1 gc, windows-amd64)
GC Precious Log:
 CPUs: 4 total, 4 available
 Memory: 8103M
 Large Page Support: Disabled
 NUMA Support: Disabled
 Compressed Oops: Enabled (32-bit)
 Heap Region Size: 1M
 Heap Min Capacity: 8M
 Heap Initial Capacity: 128M
 Heap Max Capacity: 2G
 Pre-touch: Disabled
 Parallel Workers: 4
 Concurrent Workers: 1
 Concurrent Refinement Workers: 4
 Periodic GC: Disabled
Heap:
 garbage-first heap   total 373760K, used 202806K [0x0000000080000000, 0x0000000100000000)
  region size 1024K, 9 young (9216K), 9 survivors (9216K)
 Metaspace       used 101356K, committed 102144K, reserved 1138688K
  class space    used 13628K, committed 14016K, reserved 1048576K
GC Heap History (20 events):
Event: 55.247 GC heap after
{Heap after GC invocations=36 (full 0):
 garbage-first heap   total 189440K, used 107596K [0x0000000080000000, 0x0000000100000000)
  region size 1024K, 2 young (2048K), 2 survivors (2048K)
 Metaspace       used 77732K, committed 78464K, reserved 1122304K
  class space    used 10623K, committed 11008K, reserved 1048576K
}
Event: 55.314 GC heap before
{Heap before GC invocations=36 (full 0):
 garbage-first heap   total 189440K, used 111692K [0x0000000080000000, 0x0000000100000000)
  region size 1024K, 4 young (4096K), 2 survivors (2048K)
 Metaspace       used 77732K, committed 78464K, reserved 1122304K
  class space    used 10623K, committed 11008K, reserved 1048576K
}
Event: 55.320 GC heap after
{Heap after GC invocations=37 (full 0):
 garbage-first heap   total 189440K, used 109513K [0x0000000080000000, 0x0000000100000000)
  region size 1024K, 2 young (2048K), 2 survivors (2048K)
 Metaspace       used 77732K, committed 78464K, reserved 1122304K
  class space    used 10623K, committed 11008K, reserved 1048576K
}
Event: 55.351 GC heap before
{Heap before GC invocations=37 (full 0):
 garbage-first heap   total 189440K, used 113609K [0x0000000080000000, 0x0000000100000000)
  region size 1024K, 3 young (3072K), 2 survivors (2048K)
 Metaspace       used 77732K, committed 78464K, reserved 1122304K
  class space    used 10623K, committed 11008K, reserved 1048576K
}
Event: 55.360 GC heap after
{Heap after GC invocations=38 (full 0):
 garbage-first heap   total 373760K, used 111621K [0x0000000080000000, 0x0000000100000000)
  region size 1024K, 2 young (2048K), 2 survivors (2048K)
 Metaspace       used 77732K, committed 78464K, reserved 1122304K
  class space    used 10623K, committed 11008K, reserved 1048576K
}
Event: 55.388 GC heap before
{Heap before GC invocations=38 (full 0):
 garbage-first heap   total 373760K, used 116741K [0x0000000080000000, 0x0000000100000000)
  region size 1024K, 3 young (3072K), 2 survivors (2048K)
 Metaspace       used 77732K, committed 78464K, reserved 1122304K
  class space    used 10623K, committed 11008K, reserved 1048576K
}
Event: 55.397 GC heap after
{Heap after GC invocations=39 (full 0):
 garbage-first heap   total 373760K, used 110556K [0x0000000080000000, 0x0000000100000000)
  region size 1024K, 2 young (2048K), 2 survivors (2048K)
 Metaspace       used 77732K, committed 78464K, reserved 1122304K
  class space    used 10623K, committed 11008K, reserved 1048576K
}
Event: 73.723 GC heap before
{Heap before GC invocations=40 (full 0):
 garbage-first heap   total 373760K, used 287708K [0x0000000080000000, 0x0000000100000000)
  region size 1024K, 173 young (177152K), 2 survivors (2048K)
 Metaspace       used 85396K, committed 86144K, reserved 1130496K
  class space    used 11380K, committed 11776K, reserved 1048576K
}
Event: 73.736 GC heap after
{Heap after GC invocations=41 (full 0):
 garbage-first heap   total 373760K, used 109644K [0x0000000080000000, 0x0000000100000000)
  region size 1024K, 4 young (4096K), 4 survivors (4096K)
 Metaspace       used 85396K, committed 86144K, reserved 1130496K
  class space    used 11380K, committed 11776K, reserved 1048576K
}
Event: 74.022 GC heap before
{Heap before GC invocations=41 (full 0):
 garbage-first heap   total 373760K, used 122956K [0x0000000080000000, 0x0000000100000000)
  region size 1024K, 18 young (18432K), 4 survivors (4096K)
 Metaspace       used 87372K, committed 88128K, reserved 1130496K
  class space    used 11624K, committed 12032K, reserved 1048576K
}
Event: 74.035 GC heap after
{Heap after GC invocations=42 (full 0):
 garbage-first heap   total 373760K, used 110686K [0x0000000080000000, 0x0000000100000000)
  region size 1024K, 2 young (2048K), 2 survivors (2048K)
 Metaspace       used 87372K, committed 88128K, reserved 1130496K
  class space    used 11624K, committed 12032K, reserved 1048576K
}
Event: 102.002 GC heap before
{Heap before GC invocations=42 (full 0):
 garbage-first heap   total 373760K, used 338014K [0x0000000080000000, 0x0000000100000000)
  region size 1024K, 198 young (202752K), 2 survivors (2048K)
 Metaspace       used 94423K, committed 95168K, reserved 1138688K
  class space    used 12531K, committed 12928K, reserved 1048576K
}
Event: 102.031 GC heap after
{Heap after GC invocations=43 (full 0):
 garbage-first heap   total 373760K, used 142725K [0x0000000080000000, 0x0000000100000000)
  region size 1024K, 16 young (16384K), 16 survivors (16384K)
 Metaspace       used 94423K, committed 95168K, reserved 1138688K
  class space    used 12531K, committed 12928K, reserved 1048576K
}
Event: 102.038 GC heap before
{Heap before GC invocations=43 (full 0):
 garbage-first heap   total 373760K, used 142725K [0x0000000080000000, 0x0000000100000000)
  region size 1024K, 17 young (17408K), 16 survivors (16384K)
 Metaspace       used 94423K, committed 95168K, reserved 1138688K
  class space    used 12531K, committed 12928K, reserved 1048576K
}
Event: 102.057 GC heap after
{Heap after GC invocations=44 (full 0):
 garbage-first heap   total 373760K, used 142786K [0x0000000080000000, 0x0000000100000000)
  region size 1024K, 1 young (1024K), 1 survivors (1024K)
 Metaspace       used 94423K, committed 95168K, reserved 1138688K
  class space    used 12531K, committed 12928K, reserved 1048576K
}
Event: 111.777 GC heap before
{Heap before GC invocations=45 (full 0):
 garbage-first heap   total 373760K, used 283074K [0x0000000080000000, 0x0000000100000000)
  region size 1024K, 137 young (140288K), 1 survivors (1024K)
 Metaspace       used 97303K, committed 98048K, reserved 1138688K
  class space    used 13077K, committed 13440K, reserved 1048576K
}
Event: 111.949 GC heap after
{Heap after GC invocations=46 (full 0):
 garbage-first heap   total 373760K, used 196308K [0x0000000080000000, 0x0000000100000000)
  region size 1024K, 18 young (18432K), 18 survivors (18432K)
 Metaspace       used 97303K, committed 98048K, reserved 1138688K
  class space    used 13077K, committed 13440K, reserved 1048576K
}
Event: 112.093 GC heap before
{Heap before GC invocations=46 (full 0):
 garbage-first heap   total 373760K, used 197332K [0x0000000080000000, 0x0000000100000000)
  region size 1024K, 19 young (19456K), 18 survivors (18432K)
 Metaspace       used 97309K, committed 98048K, reserved 1138688K
  class space    used 13077K, committed 13440K, reserved 1048576K
}
Event: 112.198 GC heap after
{Heap after GC invocations=47 (full 0):
 garbage-first heap   total 373760K, used 195796K [0x0000000080000000, 0x0000000100000000)
  region size 1024K, 2 young (2048K), 2 survivors (2048K)
 Metaspace       used 97309K, committed 98048K, reserved 1138688K
  class space    used 13077K, committed 13440K, reserved 1048576K
}
Event: 121.055 GC heap before
{Heap before GC invocations=47 (full 0):
 garbage-first heap   total 373760K, used 274644K [0x0000000080000000, 0x0000000100000000)
  region size 1024K, 79 young (80896K), 2 survivors (2048K)
 Metaspace       used 101356K, committed 102144K, reserved 1138688K
  class space    used 13628K, committed 14016K, reserved 1048576K
}

