# JRE version: Java(TM) SE Runtime Environment (17.0.4+11) (build 17.0.4+11-LTS-179)
# Java VM: Java HotSpot(TM) 64-Bit Server VM (17.0.4+11-LTS-179, mixed mode, sharing, tiered, compressed oops, compressed class ptrs, g1 gc, windows-amd64)
GC Precious Log:
 CPUs: 4 total, 4 available
 Memory: 8103M
 Large Page Support: Disabled
 NUMA Support: Disabled
 Compressed Oops: Enabled (32-bit)
 Heap Region Size: 1M
 Heap Min Capacity: 8M
 Heap Initial Capacity: 128M
 Heap Max Capacity: 2G
 Pre-touch: Disabled
 Parallel Workers: 4
 Concurrent Workers: 1
 Concurrent Refinement Workers: 4
 Periodic GC: Disabled
Heap:
 garbage-first heap   total 220160K, used 133224K [0x0000000080000000, 0x0000000100000000)
  region size 1024K, 32 young (32768K), 4 survivors (4096K)
 Metaspace       used 84090K, committed 84736K, reserved 1122304K
  class space    used 11416K, committed 11712K, reserved 1048576K
GC Heap History (20 events):
Event: 37.247 GC heap before
{Heap before GC invocations=42 (full 0):
 garbage-first heap   total 142336K, used 115822K [0x0000000080000000, 0x0000000100000000)
  region size 1024K, 36 young (36864K), 1 survivors (1024K)
 Metaspace       used 73277K, committed 73984K, reserved 1114112K
  class space    used 10137K, committed 10496K, reserved 1048576K
}
Event: 37.253 GC heap after
{Heap after GC invocations=43 (full 0):
 garbage-first heap   total 142336K, used 82956K [0x0000000080000000, 0x0000000100000000)
  region size 1024K, 3 young (3072K), 3 survivors (3072K)
 Metaspace       used 73277K, committed 73984K, reserved 1114112K
  class space    used 10137K, committed 10496K, reserved 1048576K
}
Event: 43.596 GC heap before
{Heap before GC invocations=43 (full 0):
 garbage-first heap   total 142336K, used 116748K [0x0000000080000000, 0x0000000100000000)
  region size 1024K, 37 young (37888K), 3 survivors (3072K)
 Metaspace       used 76954K, committed 77632K, reserved 1122304K
  class space    used 10529K, committed 10880K, reserved 1048576K
}
Event: 43.603 GC heap after
{Heap after GC invocations=44 (full 0):
 garbage-first heap   total 142336K, used 83777K [0x0000000080000000, 0x0000000100000000)
  region size 1024K, 4 young (4096K), 4 survivors (4096K)
 Metaspace       used 76954K, committed 77632K, reserved 1122304K
  class space    used 10529K, committed 10880K, reserved 1048576K
}
Event: 45.697 GC heap before
{Heap before GC invocations=44 (full 0):
 garbage-first heap   total 142336K, used 117569K [0x0000000080000000, 0x0000000100000000)
  region size 1024K, 38 young (38912K), 4 survivors (4096K)
 Metaspace       used 80940K, committed 81600K, reserved 1122304K
  class space    used 11048K, committed 11392K, reserved 1048576K
}
Event: 45.709 GC heap after
{Heap after GC invocations=45 (full 0):
 garbage-first heap   total 142336K, used 87372K [0x0000000080000000, 0x0000000100000000)
  region size 1024K, 5 young (5120K), 5 survivors (5120K)
 Metaspace       used 80940K, committed 81600K, reserved 1122304K
  class space    used 11048K, committed 11392K, reserved 1048576K
}
Event: 47.088 GC heap before
{Heap before GC invocations=45 (full 0):
 garbage-first heap   total 142336K, used 118092K [0x0000000080000000, 0x0000000100000000)
  region size 1024K, 36 young (36864K), 5 survivors (5120K)
 Metaspace       used 81353K, committed 82048K, reserved 1122304K
  class space    used 11111K, committed 11456K, reserved 1048576K
}
Event: 47.100 GC heap after
{Heap after GC invocations=46 (full 0):
 garbage-first heap   total 142336K, used 89360K [0x0000000080000000, 0x0000000100000000)
  region size 1024K, 2 young (2048K), 2 survivors (2048K)
 Metaspace       used 81353K, committed 82048K, reserved 1122304K
  class space    used 11111K, committed 11456K, reserved 1048576K
}
Event: 47.913 GC heap before
{Heap before GC invocations=47 (full 0):
 garbage-first heap   total 167936K, used 115984K [0x0000000080000000, 0x0000000100000000)
  region size 1024K, 29 young (29696K), 2 survivors (2048K)
 Metaspace       used 81389K, committed 82048K, reserved 1122304K
  class space    used 11113K, committed 11456K, reserved 1048576K
}
Event: 47.925 GC heap after
{Heap after GC invocations=48 (full 0):
 garbage-first heap   total 167936K, used 90735K [0x0000000080000000, 0x0000000100000000)
  region size 1024K, 4 young (4096K), 4 survivors (4096K)
 Metaspace       used 81389K, committed 82048K, reserved 1122304K
  class space    used 11113K, committed 11456K, reserved 1048576K
}
Event: 48.102 GC heap before
{Heap before GC invocations=48 (full 0):
 garbage-first heap   total 167936K, used 93807K [0x0000000080000000, 0x0000000100000000)
  region size 1024K, 8 young (8192K), 4 survivors (4096K)
 Metaspace       used 81410K, committed 82048K, reserved 1122304K
  class space    used 11115K, committed 11456K, reserved 1048576K
}
Event: 48.112 GC heap after
{Heap after GC invocations=49 (full 0):
 garbage-first heap   total 167936K, used 91030K [0x0000000080000000, 0x0000000100000000)
  region size 1024K, 1 young (1024K), 1 survivors (1024K)
 Metaspace       used 81410K, committed 82048K, reserved 1122304K
  class space    used 11115K, committed 11456K, reserved 1048576K
}
Event: 49.320 GC heap before
{Heap before GC invocations=49 (full 0):
 garbage-first heap   total 167936K, used 138134K [0x0000000080000000, 0x0000000100000000)
  region size 1024K, 48 young (49152K), 1 survivors (1024K)
 Metaspace       used 81521K, committed 82176K, reserved 1122304K
  class space    used 11126K, committed 11456K, reserved 1048576K
}
Event: 49.329 GC heap after
{Heap after GC invocations=50 (full 0):
 garbage-first heap   total 167936K, used 93666K [0x0000000080000000, 0x0000000100000000)
  region size 1024K, 4 young (4096K), 4 survivors (4096K)
 Metaspace       used 81521K, committed 82176K, reserved 1122304K
  class space    used 11126K, committed 11456K, reserved 1048576K
}
Event: 55.943 GC heap before
{Heap before GC invocations=50 (full 0):
 garbage-first heap   total 167936K, used 138722K [0x0000000080000000, 0x0000000100000000)
  region size 1024K, 49 young (50176K), 4 survivors (4096K)
 Metaspace       used 82283K, committed 82880K, reserved 1122304K
  class space    used 11206K, committed 11520K, reserved 1048576K
}
Event: 55.973 GC heap after
{Heap after GC invocations=51 (full 0):
 garbage-first heap   total 167936K, used 97078K [0x0000000080000000, 0x0000000100000000)
  region size 1024K, 7 young (7168K), 7 survivors (7168K)
 Metaspace       used 82283K, committed 82880K, reserved 1122304K
  class space    used 11206K, committed 11520K, reserved 1048576K
}
Event: 78.827 GC heap before
{Heap before GC invocations=51 (full 0):
 garbage-first heap   total 167936K, used 139062K [0x0000000080000000, 0x0000000100000000)
  region size 1024K, 49 young (50176K), 7 survivors (7168K)
 Metaspace       used 83330K, committed 83968K, reserved 1122304K
  class space    used 11318K, committed 11648K, reserved 1048576K
}
Event: 78.850 GC heap after
{Heap after GC invocations=52 (full 0):
 garbage-first heap   total 167936K, used 102690K [0x0000000080000000, 0x0000000100000000)
  region size 1024K, 7 young (7168K), 7 survivors (7168K)
 Metaspace       used 83330K, committed 83968K, reserved 1122304K
  class space    used 11318K, committed 11648K, reserved 1048576K
}
Event: 79.750 GC heap before
{Heap before GC invocations=52 (full 0):
 garbage-first heap   total 167936K, used 137506K [0x0000000080000000, 0x0000000100000000)
  region size 1024K, 42 young (43008K), 7 survivors (7168K)
 Metaspace       used 83853K, committed 84544K, reserved 1122304K
  class space    used 11381K, committed 11712K, reserved 1048576K
}
Event: 79.767 GC heap after
{Heap after GC invocations=53 (full 0):
 garbage-first heap   total 167936K, used 105576K [0x0000000080000000, 0x0000000100000000)
  region size 1024K, 4 young (4096K), 4 survivors (4096K)
 Metaspace       used 83853K, committed 84544K, reserved 1122304K
  class space    used 11381K, committed 11712K, reserved 1048576K
}

